version: 0.2.3
0.2.3

Could not find watchman, falling back to NodeWatcher for file system events.
Visit http://www.ember-cli.com/#watchman for more info.
Proxying to http://localhost:3000
Livereload failed on port 35729.  It is either in use or you do not have permission.
version: 0.2.3
Could not find watchman, falling back to NodeWatcher for file system events.
Visit http://www.ember-cli.com/#watchman for more info.
Proxying to http://localhost:3000
Livereload failed on port 35729.  It is either in use or you do not have permission.
version: 0.2.3
Could not find watchman, falling back to NodeWatcher for file system events.
Visit http://www.ember-cli.com/#watchman for more info.
Proxying to http://localhost:3000
Livereload failed on port 35729.  It is either in use or you do not have permission.
version: 0.2.3
Could not find watchman, falling back to NodeWatcher for file system events.
Visit http://www.ember-cli.com/#watchman for more info.
Proxying to http://localhost:3000
Livereload failed on port 35729.  It is either in use or you do not have permission.
